<?xml version="1.0" encoding="UTF-8"?>
<testsuites>
  <testsuite name="Unit tests" tests="29" assertions="39" errors="2" failures="0" skipped="0" time="0.009804">
    <testsuite name="HtmlAPITest" file="/var/www/html/moodleDev/mod/assign/feedback/customfeedback/unitTests/HtmlElementTest.php" tests="11" assertions="18" errors="0" failures="0" skipped="0" time="0.003409">
      <testcase name="test_create_htmlelement" class="HtmlAPITest" classname="HtmlAPITest" file="/var/www/html/moodleDev/mod/assign/feedback/customfeedback/unitTests/HtmlElementTest.php" line="9" assertions="1" time="0.001526"/>
      <testcase name="test_add_attribute" class="HtmlAPITest" classname="HtmlAPITest" file="/var/www/html/moodleDev/mod/assign/feedback/customfeedback/unitTests/HtmlElementTest.php" line="14" assertions="3" time="0.000503"/>
      <testcase name="test_add_attributes" class="HtmlAPITest" classname="HtmlAPITest" file="/var/www/html/moodleDev/mod/assign/feedback/customfeedback/unitTests/HtmlElementTest.php" line="30" assertions="2" time="0.000222"/>
      <testcase name="test_add_sub_element_for_compounds" class="HtmlAPITest" classname="HtmlAPITest" file="/var/www/html/moodleDev/mod/assign/feedback/customfeedback/unitTests/HtmlElementTest.php" line="42" assertions="2" time="0.000073"/>
      <testcase name="test_add_sub_element_for_noncompounds" class="HtmlAPITest" classname="HtmlAPITest" file="/var/www/html/moodleDev/mod/assign/feedback/customfeedback/unitTests/HtmlElementTest.php" line="57" assertions="1" time="0.000330"/>
      <testcase name="test_add_sub_elements_for_compounds" class="HtmlAPITest" classname="HtmlAPITest" file="/var/www/html/moodleDev/mod/assign/feedback/customfeedback/unitTests/HtmlElementTest.php" line="65" assertions="3" time="0.000291"/>
      <testcase name="test_add_sub_elements_for_noncompounds" class="HtmlAPITest" classname="HtmlAPITest" file="/var/www/html/moodleDev/mod/assign/feedback/customfeedback/unitTests/HtmlElementTest.php" line="85" assertions="1" time="0.000083"/>
      <testcase name="test_str_for_noncompounds" class="HtmlAPITest" classname="HtmlAPITest" file="/var/www/html/moodleDev/mod/assign/feedback/customfeedback/unitTests/HtmlElementTest.php" line="94" assertions="1" time="0.000053"/>
      <testcase name="test_str_for_compounds" class="HtmlAPITest" classname="HtmlAPITest" file="/var/www/html/moodleDev/mod/assign/feedback/customfeedback/unitTests/HtmlElementTest.php" line="99" assertions="2" time="0.000199"/>
      <testcase name="test_create_html_tableheader" class="HtmlAPITest" classname="HtmlAPITest" file="/var/www/html/moodleDev/mod/assign/feedback/customfeedback/unitTests/HtmlElementTest.php" line="112" assertions="1" time="0.000063"/>
      <testcase name="test_add_tabledata" class="HtmlAPITest" classname="HtmlAPITest" file="/var/www/html/moodleDev/mod/assign/feedback/customfeedback/unitTests/HtmlElementTest.php" line="128" assertions="1" time="0.000066"/>
    </testsuite>
    <testsuite name="locallibTest" file="/var/www/html/moodleDev/mod/assign/feedback/customfeedback/unitTests/locallibTest.php" tests="18" assertions="21" errors="2" failures="0" skipped="0" time="0.006395">
      <testcase name="test" class="locallibTest" classname="locallibTest" file="/var/www/html/moodleDev/mod/assign/feedback/customfeedback/unitTests/locallibTest.php" line="9" assertions="0" time="0.000159">
        <error type="Error">locallibTest::test
Error: Call to undefined function get_config()

/var/www/html/moodleDev/mod/assign/feedback/customfeedback/unitTests/locallibTest.php:10
</error>
      </testcase>
      <testcase name="test_get_name" class="locallibTest" classname="locallibTest" file="/var/www/html/moodleDev/mod/assign/feedback/customfeedback/unitTests/locallibTest.php" line="14" assertions="1" time="0.004191"/>
      <testcase name="test_get_modes" class="locallibTest" classname="locallibTest" file="/var/www/html/moodleDev/mod/assign/feedback/customfeedback/unitTests/locallibTest.php" line="21" assertions="1" time="0.000060"/>
      <testcase name="test_get_languages" class="locallibTest" classname="locallibTest" file="/var/www/html/moodleDev/mod/assign/feedback/customfeedback/unitTests/locallibTest.php" line="28" assertions="1" time="0.000057"/>
      <testcase name="test_get_language_code" class="locallibTest" classname="locallibTest" file="/var/www/html/moodleDev/mod/assign/feedback/customfeedback/unitTests/locallibTest.php" line="35" assertions="3" time="0.000060"/>
      <testcase name="test_get_order_options" class="locallibTest" classname="locallibTest" file="/var/www/html/moodleDev/mod/assign/feedback/customfeedback/unitTests/locallibTest.php" line="44" assertions="1" time="0.000072"/>
      <testcase name="test_get_mode_code" class="locallibTest" classname="locallibTest" file="/var/www/html/moodleDev/mod/assign/feedback/customfeedback/unitTests/locallibTest.php" line="52" assertions="4" time="0.000220"/>
      <testcase name="test_get_rerun_options" class="locallibTest" classname="locallibTest" file="/var/www/html/moodleDev/mod/assign/feedback/customfeedback/unitTests/locallibTest.php" line="64" assertions="1" time="0.000209"/>
      <testcase name="test_get_question_numbers" class="locallibTest" classname="locallibTest" file="/var/www/html/moodleDev/mod/assign/feedback/customfeedback/unitTests/locallibTest.php" line="71" assertions="1" time="0.000215"/>
      <testcase name="test_get_time_limits" class="locallibTest" classname="locallibTest" file="/var/www/html/moodleDev/mod/assign/feedback/customfeedback/unitTests/locallibTest.php" line="79" assertions="1" time="0.000056"/>
      <testcase name="test_get_memory_limits" class="locallibTest" classname="locallibTest" file="/var/www/html/moodleDev/mod/assign/feedback/customfeedback/unitTests/locallibTest.php" line="86" assertions="1" time="0.000055"/>
      <testcase name="test_get_testcase_filearea" class="locallibTest" classname="locallibTest" file="/var/www/html/moodleDev/mod/assign/feedback/customfeedback/unitTests/locallibTest.php" line="93" assertions="1" time="0.000057"/>
      <testcase name="test_get_callback_url" class="locallibTest" classname="locallibTest" file="/var/www/html/moodleDev/mod/assign/feedback/customfeedback/unitTests/locallibTest.php" line="100" assertions="1" time="0.000057"/>
      <testcase name="test_get_settings" class="locallibTest" classname="locallibTest" file="/var/www/html/moodleDev/mod/assign/feedback/customfeedback/unitTests/locallibTest.php" line="108" assertions="0" time="0.000555">
        <error type="PHPUnit\Framework\RiskyTestError">Risky Test
</error>
      </testcase>
      <testcase name="test_format_for_gradebook" class="locallibTest" classname="locallibTest" file="/var/www/html/moodleDev/mod/assign/feedback/customfeedback/unitTests/locallibTest.php" line="115" assertions="1" time="0.000056"/>
      <testcase name="test_supports_quickgrading" class="locallibTest" classname="locallibTest" file="/var/www/html/moodleDev/mod/assign/feedback/customfeedback/unitTests/locallibTest.php" line="119" assertions="1" time="0.000057"/>
      <testcase name="test_get_grading_actions" class="locallibTest" classname="locallibTest" file="/var/www/html/moodleDev/mod/assign/feedback/customfeedback/unitTests/locallibTest.php" line="126" assertions="1" time="0.000056"/>
      <testcase name="test_get_grading_batch_operations" class="locallibTest" classname="locallibTest" file="/var/www/html/moodleDev/mod/assign/feedback/customfeedback/unitTests/locallibTest.php" line="133" assertions="1" time="0.000203"/>
    </testsuite>
  </testsuite>
</testsuites>
