<?xml version="1.0" encoding="UTF-8"?>
<testsuites>
  <testsuite name="Unit tests" tests="27" assertions="39" errors="0" failures="0" skipped="0" time="0.005176">
    <testsuite name="HtmlAPITest" file="/var/www/html/moodleDev/mod/assign/feedback/customfeedback/unitTests/HtmlElementTest.php" tests="11" assertions="18" errors="0" failures="0" skipped="0" time="0.001715">
      <testcase name="test_create_htmlelement" class="HtmlAPITest" classname="HtmlAPITest" file="/var/www/html/moodleDev/mod/assign/feedback/customfeedback/unitTests/HtmlElementTest.php" line="9" assertions="1" time="0.000846"/>
      <testcase name="test_add_attribute" class="HtmlAPITest" classname="HtmlAPITest" file="/var/www/html/moodleDev/mod/assign/feedback/customfeedback/unitTests/HtmlElementTest.php" line="14" assertions="3" time="0.000275"/>
      <testcase name="test_add_attributes" class="HtmlAPITest" classname="HtmlAPITest" file="/var/www/html/moodleDev/mod/assign/feedback/customfeedback/unitTests/HtmlElementTest.php" line="30" assertions="2" time="0.000072"/>
      <testcase name="test_add_sub_element_for_compounds" class="HtmlAPITest" classname="HtmlAPITest" file="/var/www/html/moodleDev/mod/assign/feedback/customfeedback/unitTests/HtmlElementTest.php" line="42" assertions="2" time="0.000075"/>
      <testcase name="test_add_sub_element_for_noncompounds" class="HtmlAPITest" classname="HtmlAPITest" file="/var/www/html/moodleDev/mod/assign/feedback/customfeedback/unitTests/HtmlElementTest.php" line="57" assertions="1" time="0.000063"/>
      <testcase name="test_add_sub_elements_for_compounds" class="HtmlAPITest" classname="HtmlAPITest" file="/var/www/html/moodleDev/mod/assign/feedback/customfeedback/unitTests/HtmlElementTest.php" line="65" assertions="3" time="0.000070"/>
      <testcase name="test_add_sub_elements_for_noncompounds" class="HtmlAPITest" classname="HtmlAPITest" file="/var/www/html/moodleDev/mod/assign/feedback/customfeedback/unitTests/HtmlElementTest.php" line="85" assertions="1" time="0.000066"/>
      <testcase name="test_str_for_noncompounds" class="HtmlAPITest" classname="HtmlAPITest" file="/var/www/html/moodleDev/mod/assign/feedback/customfeedback/unitTests/HtmlElementTest.php" line="94" assertions="1" time="0.000055"/>
      <testcase name="test_str_for_compounds" class="HtmlAPITest" classname="HtmlAPITest" file="/var/www/html/moodleDev/mod/assign/feedback/customfeedback/unitTests/HtmlElementTest.php" line="99" assertions="2" time="0.000063"/>
      <testcase name="test_create_html_tableheader" class="HtmlAPITest" classname="HtmlAPITest" file="/var/www/html/moodleDev/mod/assign/feedback/customfeedback/unitTests/HtmlElementTest.php" line="112" assertions="1" time="0.000061"/>
      <testcase name="test_add_tabledata" class="HtmlAPITest" classname="HtmlAPITest" file="/var/www/html/moodleDev/mod/assign/feedback/customfeedback/unitTests/HtmlElementTest.php" line="128" assertions="1" time="0.000069"/>
    </testsuite>
    <testsuite name="locallibTest" file="/var/www/html/moodleDev/mod/assign/feedback/customfeedback/unitTests/locallibTest.php" tests="16" assertions="21" errors="0" failures="0" skipped="0" time="0.003461">
      <testcase name="test_get_name" class="locallibTest" classname="locallibTest" file="/var/www/html/moodleDev/mod/assign/feedback/customfeedback/unitTests/locallibTest.php" line="9" assertions="1" time="0.002654"/>
      <testcase name="test_get_modes" class="locallibTest" classname="locallibTest" file="/var/www/html/moodleDev/mod/assign/feedback/customfeedback/unitTests/locallibTest.php" line="16" assertions="1" time="0.000052"/>
      <testcase name="test_get_languages" class="locallibTest" classname="locallibTest" file="/var/www/html/moodleDev/mod/assign/feedback/customfeedback/unitTests/locallibTest.php" line="23" assertions="1" time="0.000055"/>
      <testcase name="test_get_language_code" class="locallibTest" classname="locallibTest" file="/var/www/html/moodleDev/mod/assign/feedback/customfeedback/unitTests/locallibTest.php" line="30" assertions="3" time="0.000058"/>
      <testcase name="test_get_order_options" class="locallibTest" classname="locallibTest" file="/var/www/html/moodleDev/mod/assign/feedback/customfeedback/unitTests/locallibTest.php" line="39" assertions="1" time="0.000049"/>
      <testcase name="test_get_mode_code" class="locallibTest" classname="locallibTest" file="/var/www/html/moodleDev/mod/assign/feedback/customfeedback/unitTests/locallibTest.php" line="47" assertions="4" time="0.000054"/>
      <testcase name="test_get_rerun_options" class="locallibTest" classname="locallibTest" file="/var/www/html/moodleDev/mod/assign/feedback/customfeedback/unitTests/locallibTest.php" line="59" assertions="1" time="0.000055"/>
      <testcase name="test_get_question_numbers" class="locallibTest" classname="locallibTest" file="/var/www/html/moodleDev/mod/assign/feedback/customfeedback/unitTests/locallibTest.php" line="66" assertions="1" time="0.000077"/>
      <testcase name="test_get_time_limits" class="locallibTest" classname="locallibTest" file="/var/www/html/moodleDev/mod/assign/feedback/customfeedback/unitTests/locallibTest.php" line="74" assertions="1" time="0.000048"/>
      <testcase name="test_get_memory_limits" class="locallibTest" classname="locallibTest" file="/var/www/html/moodleDev/mod/assign/feedback/customfeedback/unitTests/locallibTest.php" line="81" assertions="1" time="0.000049"/>
      <testcase name="test_get_testcase_filearea" class="locallibTest" classname="locallibTest" file="/var/www/html/moodleDev/mod/assign/feedback/customfeedback/unitTests/locallibTest.php" line="88" assertions="1" time="0.000055"/>
      <testcase name="test_get_callback_url" class="locallibTest" classname="locallibTest" file="/var/www/html/moodleDev/mod/assign/feedback/customfeedback/unitTests/locallibTest.php" line="96" assertions="1" time="0.000052"/>
      <testcase name="test_format_for_gradebook" class="locallibTest" classname="locallibTest" file="/var/www/html/moodleDev/mod/assign/feedback/customfeedback/unitTests/locallibTest.php" line="105" assertions="1" time="0.000049"/>
      <testcase name="test_supports_quickgrading" class="locallibTest" classname="locallibTest" file="/var/www/html/moodleDev/mod/assign/feedback/customfeedback/unitTests/locallibTest.php" line="109" assertions="1" time="0.000054"/>
      <testcase name="test_get_grading_actions" class="locallibTest" classname="locallibTest" file="/var/www/html/moodleDev/mod/assign/feedback/customfeedback/unitTests/locallibTest.php" line="116" assertions="1" time="0.000051"/>
      <testcase name="test_get_grading_batch_operations" class="locallibTest" classname="locallibTest" file="/var/www/html/moodleDev/mod/assign/feedback/customfeedback/unitTests/locallibTest.php" line="123" assertions="1" time="0.000049"/>
    </testsuite>
  </testsuite>
</testsuites>
