<?xml version="1.0" encoding="UTF-8"?>
<testsuites>
  <testsuite name="Unit tests" tests="30" assertions="44" errors="0" failures="0" skipped="0" time="0.005953">
    <testsuite name="HtmlAPITest" file="/var/www/html/moodleDev/mod/assign/feedback/customfeedback/unitTests/HtmlElementTest.php" tests="11" assertions="18" errors="0" failures="0" skipped="0" time="0.002223">
      <testcase name="test_create_htmlelement" class="HtmlAPITest" classname="HtmlAPITest" file="/var/www/html/moodleDev/mod/assign/feedback/customfeedback/unitTests/HtmlElementTest.php" line="9" assertions="1" time="0.000585"/>
      <testcase name="test_add_attribute" class="HtmlAPITest" classname="HtmlAPITest" file="/var/www/html/moodleDev/mod/assign/feedback/customfeedback/unitTests/HtmlElementTest.php" line="14" assertions="3" time="0.000460"/>
      <testcase name="test_add_attributes" class="HtmlAPITest" classname="HtmlAPITest" file="/var/www/html/moodleDev/mod/assign/feedback/customfeedback/unitTests/HtmlElementTest.php" line="30" assertions="2" time="0.000070"/>
      <testcase name="test_add_sub_element_for_compounds" class="HtmlAPITest" classname="HtmlAPITest" file="/var/www/html/moodleDev/mod/assign/feedback/customfeedback/unitTests/HtmlElementTest.php" line="42" assertions="2" time="0.000071"/>
      <testcase name="test_add_sub_element_for_noncompounds" class="HtmlAPITest" classname="HtmlAPITest" file="/var/www/html/moodleDev/mod/assign/feedback/customfeedback/unitTests/HtmlElementTest.php" line="57" assertions="1" time="0.000063"/>
      <testcase name="test_add_sub_elements_for_compounds" class="HtmlAPITest" classname="HtmlAPITest" file="/var/www/html/moodleDev/mod/assign/feedback/customfeedback/unitTests/HtmlElementTest.php" line="65" assertions="3" time="0.000072"/>
      <testcase name="test_add_sub_elements_for_noncompounds" class="HtmlAPITest" classname="HtmlAPITest" file="/var/www/html/moodleDev/mod/assign/feedback/customfeedback/unitTests/HtmlElementTest.php" line="85" assertions="1" time="0.000064"/>
      <testcase name="test_str_for_noncompounds" class="HtmlAPITest" classname="HtmlAPITest" file="/var/www/html/moodleDev/mod/assign/feedback/customfeedback/unitTests/HtmlElementTest.php" line="94" assertions="1" time="0.000052"/>
      <testcase name="test_str_for_compounds" class="HtmlAPITest" classname="HtmlAPITest" file="/var/www/html/moodleDev/mod/assign/feedback/customfeedback/unitTests/HtmlElementTest.php" line="99" assertions="2" time="0.000638"/>
      <testcase name="test_create_html_tableheader" class="HtmlAPITest" classname="HtmlAPITest" file="/var/www/html/moodleDev/mod/assign/feedback/customfeedback/unitTests/HtmlElementTest.php" line="112" assertions="1" time="0.000073"/>
      <testcase name="test_add_tabledata" class="HtmlAPITest" classname="HtmlAPITest" file="/var/www/html/moodleDev/mod/assign/feedback/customfeedback/unitTests/HtmlElementTest.php" line="128" assertions="1" time="0.000074"/>
    </testsuite>
    <testsuite name="locallibTest" file="/var/www/html/moodleDev/mod/assign/feedback/customfeedback/unitTests/locallibTest.php" tests="19" assertions="26" errors="0" failures="0" skipped="0" time="0.003731">
      <testcase name="test_get_name" class="locallibTest" classname="locallibTest" file="/var/www/html/moodleDev/mod/assign/feedback/customfeedback/unitTests/locallibTest.php" line="10" assertions="1" time="0.002195"/>
      <testcase name="test_get_modes" class="locallibTest" classname="locallibTest" file="/var/www/html/moodleDev/mod/assign/feedback/customfeedback/unitTests/locallibTest.php" line="17" assertions="1" time="0.000059"/>
      <testcase name="test_get_languages" class="locallibTest" classname="locallibTest" file="/var/www/html/moodleDev/mod/assign/feedback/customfeedback/unitTests/locallibTest.php" line="24" assertions="1" time="0.000055"/>
      <testcase name="test_get_language_code" class="locallibTest" classname="locallibTest" file="/var/www/html/moodleDev/mod/assign/feedback/customfeedback/unitTests/locallibTest.php" line="31" assertions="3" time="0.000096"/>
      <testcase name="test_get_order_options" class="locallibTest" classname="locallibTest" file="/var/www/html/moodleDev/mod/assign/feedback/customfeedback/unitTests/locallibTest.php" line="40" assertions="1" time="0.000056"/>
      <testcase name="test_get_mode_code" class="locallibTest" classname="locallibTest" file="/var/www/html/moodleDev/mod/assign/feedback/customfeedback/unitTests/locallibTest.php" line="48" assertions="4" time="0.000062"/>
      <testcase name="test_get_rerun_options" class="locallibTest" classname="locallibTest" file="/var/www/html/moodleDev/mod/assign/feedback/customfeedback/unitTests/locallibTest.php" line="60" assertions="1" time="0.000056"/>
      <testcase name="test_get_question_numbers" class="locallibTest" classname="locallibTest" file="/var/www/html/moodleDev/mod/assign/feedback/customfeedback/unitTests/locallibTest.php" line="67" assertions="1" time="0.000060"/>
      <testcase name="test_get_time_limits" class="locallibTest" classname="locallibTest" file="/var/www/html/moodleDev/mod/assign/feedback/customfeedback/unitTests/locallibTest.php" line="75" assertions="1" time="0.000055"/>
      <testcase name="test_get_memory_limits" class="locallibTest" classname="locallibTest" file="/var/www/html/moodleDev/mod/assign/feedback/customfeedback/unitTests/locallibTest.php" line="82" assertions="1" time="0.000055"/>
      <testcase name="test_get_testcase_filearea" class="locallibTest" classname="locallibTest" file="/var/www/html/moodleDev/mod/assign/feedback/customfeedback/unitTests/locallibTest.php" line="89" assertions="1" time="0.000056"/>
      <testcase name="test_get_callback_url" class="locallibTest" classname="locallibTest" file="/var/www/html/moodleDev/mod/assign/feedback/customfeedback/unitTests/locallibTest.php" line="96" assertions="1" time="0.000057"/>
      <testcase name="test_get_settings" class="locallibTest" classname="locallibTest" file="/var/www/html/moodleDev/mod/assign/feedback/customfeedback/unitTests/locallibTest.php" line="104" assertions="1" time="0.000358"/>
      <testcase name="test_save_settings" class="locallibTest" classname="locallibTest" file="/var/www/html/moodleDev/mod/assign/feedback/customfeedback/unitTests/locallibTest.php" line="112" assertions="2" time="0.000225"/>
      <testcase name="test_is_feedback_modified" class="locallibTest" classname="locallibTest" file="/var/www/html/moodleDev/mod/assign/feedback/customfeedback/unitTests/locallibTest.php" line="139" assertions="2" time="0.000066"/>
      <testcase name="test_format_for_gradebook" class="locallibTest" classname="locallibTest" file="/var/www/html/moodleDev/mod/assign/feedback/customfeedback/unitTests/locallibTest.php" line="158" assertions="1" time="0.000055"/>
      <testcase name="test_supports_quickgrading" class="locallibTest" classname="locallibTest" file="/var/www/html/moodleDev/mod/assign/feedback/customfeedback/unitTests/locallibTest.php" line="162" assertions="1" time="0.000055"/>
      <testcase name="test_get_grading_actions" class="locallibTest" classname="locallibTest" file="/var/www/html/moodleDev/mod/assign/feedback/customfeedback/unitTests/locallibTest.php" line="169" assertions="1" time="0.000055"/>
      <testcase name="test_get_grading_batch_operations" class="locallibTest" classname="locallibTest" file="/var/www/html/moodleDev/mod/assign/feedback/customfeedback/unitTests/locallibTest.php" line="176" assertions="1" time="0.000055"/>
    </testsuite>
  </testsuite>
</testsuites>
